<?xml version="1.0" encoding="UTF-8"?>
<!-- Generated by org.testng.reporters.JUnitReportReporter -->
<testsuite hostname="donalds-mbp" name="searchPageTests.TC003_Search_Team" tests="1" failures="0" timestamp="21 Feb 2018 20:44:24 GMT" time="41.322" errors="0">
  <testcase name="searchTeam" time="41.322" classname="searchPageTests.TC003_Search_Team"/>
</testsuite> <!-- searchPageTests.TC003_Search_Team -->
