<?xml version="1.0" encoding="UTF-8"?>
<!-- Generated by org.testng.reporters.JUnitReportReporter -->
<testsuite hostname="donalds-mbp" name="searchPageTests.TC001_Valid_Search" tests="1" failures="0" timestamp="21 Feb 2018 20:44:24 GMT" time="42.247" errors="0">
  <testcase name="validSearch" time="42.247" classname="searchPageTests.TC001_Valid_Search"/>
</testsuite> <!-- searchPageTests.TC001_Valid_Search -->
