<?xml version="1.0" encoding="UTF-8"?>
<!-- Generated by org.testng.reporters.JUnitReportReporter -->
<testsuite hostname="donalds-mbp" name="searchPageTests.TC005_Search_Competition" tests="1" failures="0" timestamp="21 Feb 2018 20:44:24 GMT" time="41.370" errors="0">
  <testcase name="Search_Competition" time="41.370" classname="searchPageTests.TC005_Search_Competition"/>
</testsuite> <!-- searchPageTests.TC005_Search_Competition -->
