<?xml version="1.0" encoding="UTF-8"?>
<!-- Generated by org.testng.reporters.JUnitReportReporter -->
<testsuite hostname="donalds-mbp" name="searchPageTests.TC004_Search_Player" tests="1" failures="0" timestamp="21 Feb 2018 20:44:24 GMT" time="41.888" errors="0">
  <testcase name="searchPlayer" time="41.888" classname="searchPageTests.TC004_Search_Player"/>
</testsuite> <!-- searchPageTests.TC004_Search_Player -->
