<?xml version="1.0" encoding="UTF-8"?>
<!-- Generated by org.testng.reporters.JUnitReportReporter -->
<testsuite hostname="donalds-mbp" name="searchPageTests.Valid_Search" tests="1" failures="0" timestamp="21 Feb 2018 11:14:53 GMT" time="28.574" errors="0">
  <testcase name="validSearch" time="28.574" classname="searchPageTests.Valid_Search"/>
</testsuite> <!-- searchPageTests.Valid_Search -->
