<?xml version="1.0" encoding="UTF-8"?>
<!-- Generated by org.testng.reporters.JUnitReportReporter -->
<testsuite hostname="donalds-mbp" name="testBase.localTestBase" tests="1" failures="0" timestamp="20 Feb 2018 12:00:08 GMT" time="32.776" errors="0">
  <testcase name="localTestBase" time="32.776" classname="testBase.localTestBase"/>
</testsuite> <!-- testBase.localTestBase -->
