<?xml version="1.0" encoding="UTF-8"?>
<!-- Generated by org.testng.reporters.JUnitReportReporter -->
<testsuite hostname="donalds-mbp" name="searchPageTests.TC002_invalid_Search" tests="1" failures="0" timestamp="21 Feb 2018 18:36:14 GMT" time="45.041" errors="0">
  <testcase name="Invalid" time="45.041" classname="searchPageTests.TC002_invalid_Search"/>
</testsuite> <!-- searchPageTests.TC002_invalid_Search -->
